GROUP,PACKAGE,CLASS,INSTRUCTION_MISSED,INSTRUCTION_COVERED,BRANCH_MISSED,BRANCH_COVERED,LINE_MISSED,LINE_COVERED,COMPLEXITY_MISSED,COMPLEXITY_COVERED,METHOD_MISSED,METHOD_COVERED
job,gov.cms.ab2d.job.util,JobUtil,3,86,3,25,1,14,4,15,1,4
job,gov.cms.ab2d.job.service,JobOutputServiceImpl,0,35,0,0,0,6,0,4,0,4
job,gov.cms.ab2d.job.service,InvalidJobAccessException,0,4,0,0,0,2,0,1,0,1
job,gov.cms.ab2d.job.service,JobOutputMissingException,0,4,0,0,0,2,0,1,0,1
job,gov.cms.ab2d.job.service,JobServiceImpl,24,415,2,24,4,94,3,27,1,16
job,gov.cms.ab2d.job.service,InvalidJobStateTransition,0,4,0,0,0,2,0,1,0,1
job,gov.cms.ab2d.job.model,JobStatus.new JobStatus() {...},2,7,0,0,1,1,1,1,1,1
job,gov.cms.ab2d.job.model,JobStatus,0,54,0,0,0,10,0,2,0,2
job,gov.cms.ab2d.job.model,JobStatus.new JobStatus() {...},15,7,2,0,4,1,2,1,1,1
job,gov.cms.ab2d.job.model,JobStatus.new JobStatus() {...},0,9,0,0,0,2,0,2,0,2
job,gov.cms.ab2d.job.model,JobStatus.new JobStatus() {...},2,7,0,0,1,1,1,1,1,1
job,gov.cms.ab2d.job.model,JobStatus.new JobStatus() {...},2,7,0,0,1,1,1,1,1,1
job,gov.cms.ab2d.job.model,Job,27,87,7,9,2,16,6,11,2,7
job,gov.cms.ab2d.job.model,JobStartedBy,0,21,0,0,0,4,0,1,0,1
job,gov.cms.ab2d.job.model,JobOutput,0,6,0,0,0,2,0,1,0,1
